<?xml version="1.0" encoding="UTF-8"?>
<testsuite xmlns:xsi="http://www.w3.org/2001/XMLSchema-instance" xsi:noNamespaceSchemaLocation="https://maven.apache.org/surefire/maven-surefire-plugin/xsd/surefire-test-report.xsd" name="com.automation.runners.TestRunner" time="12.614" tests="2" errors="0" skipped="0" failures="1">
  <properties>
[...]
</properties>
  <testcase name="runScenario" classname="com.automation.runners.TestRunner" time="6.81">
    <failure message="expected [true] but found [false]" type="java.lang.AssertionError">java.lang.AssertionError: expected [true] but found [false]
</failure>
    <system-out><![CDATA[
@smoke
Scenario: user could login with valid email and password               # src/main/resources/features/F01_Login.feature:4
  Given user go to login page                                          # com.automation.step_definitions.loginStepDefinitions.go_to_login_page()
  When user login with "valid" "validemail@example.com" and "P@ssw0rd" # com.automation.step_definitions.loginStepDefinitions.valid_username_password(java.lang.String,java.lang.String,java.lang.String)
  And user press on login button                                       # com.automation.step_definitions.loginStepDefinitions.login_button()
  Then user login to the system successfully                           # com.automation.step_definitions.loginStepDefinitions.success_login()
      java.lang.AssertionError: expected [true] but found [false]
	at org.testng.Assert.fail(Assert.java:99)
	at org.testng.Assert.failNotEquals(Assert.java:1037)
	at org.testng.Assert.assertTrue(Assert.java:45)
	at org.testng.Assert.assertTrue(Assert.java:55)
	at com.automation.step_definitions.loginStepDefinitions.success_login(loginStepDefinitions.java:37)
	at âœ½.user login to the system successfully(file:///C:/Users/Khaled%20Ashraf/IdeaProjects/final_project_report/src/main/resources/features/F01_Login.feature:8)

]]></system-out>
    <system-err><![CDATA[[main] INFO io.github.bonigarcia.wdm.WebDriverManager - Using chromedriver 99.0.4844.51 (since Google Chrome 99 is installed in your machine)
[main] INFO io.github.bonigarcia.wdm.WebDriverManager - Exporting webdriver.chrome.driver as C:\Users\Khaled Ashraf\.m2\repository\webdriver\chromedriver\win32\99.0.4844.51\chromedriver.exe
Starting ChromeDriver 99.0.4844.51 (d537ec02474b5afe23684e7963d538896c63ac77-refs/branch-heads/4844@{#875}) on port 63485
Only local connections are allowed.
Please see https://chromedriver.chromium.org/security-considerations for suggestions on keeping ChromeDriver safe.
ChromeDriver was started successfully.
Mar 13, 2022 3:38:16 PM org.openqa.selenium.remote.ProtocolHandshake createSession
INFO: Detected dialect: W3C
Mar 13, 2022 3:38:16 PM org.openqa.selenium.devtools.CdpVersionFinder findNearestMatch
WARNING: Unable to find an exact match for CDP version 99, so returning the closest version found: 97
Mar 13, 2022 3:38:16 PM org.openqa.selenium.devtools.CdpVersionFinder findNearestMatch
INFO: Found CDP implementation for version 99 of 97
]]></system-err>
  </testcase>
  <testcase name="runScenario" classname="com.automation.runners.TestRunner" time="4.585"/>
</testsuite>